
*** Running vivado
    with args -log ball.vds -m64 -product Vivado -mode batch -messageDb vivado.pb -notrace -source ball.tcl


ECHO is off.
ECHO is off.

****** Vivado v2023.2 (64-bit)
  **** SW Build 4029153 on Fri Oct 13 20:14:34 MDT 2023
  **** IP Build 4028589 on Sat Oct 14 00:45:43 MDT 2023
  **** SharedData Build 4025554 on Tue Oct 10 17:18:54 MDT 2023
    ** Copyright 1986-2022 Xilinx, Inc. All Rights Reserved.
    ** Copyright 2022-2023 Advanced Micro Devices, Inc. All Rights Reserved.

source ball.tcl -notrace
create_project: Time (s): cpu = 00:00:06 ; elapsed = 00:00:07 . Memory (MB): peak = 504.035 ; gain = 184.188
INFO: [IP_Flow 19-6924] IPCACHE: Running cache check for IP inst: ball
INFO: [IP_Flow 19-6922] IPCACHE: Exporting cached entry 084040e9b9ae5831 to dir: D:/git_repo/DataDesign_FinalProject/Project/Rolling_ball/Rolling_ball.runs/ball_synth_1
INFO: [IP_Flow 19-6928] IPCACHE: copied cached file d:/git_repo/DataDesign_FinalProject/Project/Rolling_ball/Rolling_ball.cache/ip/2023.2/0/8/084040e9b9ae5831/ball.dcp to D:/git_repo/DataDesign_FinalProject/Project/Rolling_ball/Rolling_ball.runs/ball_synth_1/ball.dcp.
INFO: [IP_Flow 19-6928] IPCACHE: copied cached file d:/git_repo/DataDesign_FinalProject/Project/Rolling_ball/Rolling_ball.cache/ip/2023.2/0/8/084040e9b9ae5831/ball_sim_netlist.v to D:/git_repo/DataDesign_FinalProject/Project/Rolling_ball/Rolling_ball.runs/ball_synth_1/ball_sim_netlist.v.
INFO: [IP_Flow 19-6928] IPCACHE: copied cached file d:/git_repo/DataDesign_FinalProject/Project/Rolling_ball/Rolling_ball.cache/ip/2023.2/0/8/084040e9b9ae5831/ball_sim_netlist.vhdl to D:/git_repo/DataDesign_FinalProject/Project/Rolling_ball/Rolling_ball.runs/ball_synth_1/ball_sim_netlist.vhdl.
INFO: [IP_Flow 19-6928] IPCACHE: copied cached file d:/git_repo/DataDesign_FinalProject/Project/Rolling_ball/Rolling_ball.cache/ip/2023.2/0/8/084040e9b9ae5831/ball_stub.v to D:/git_repo/DataDesign_FinalProject/Project/Rolling_ball/Rolling_ball.runs/ball_synth_1/ball_stub.v.
INFO: [IP_Flow 19-6928] IPCACHE: copied cached file d:/git_repo/DataDesign_FinalProject/Project/Rolling_ball/Rolling_ball.cache/ip/2023.2/0/8/084040e9b9ae5831/ball_stub.vhdl to D:/git_repo/DataDesign_FinalProject/Project/Rolling_ball/Rolling_ball.runs/ball_synth_1/ball_stub.vhdl.
INFO: [IP_Flow 19-4838] Using cached IP synthesis design for IP ball, cache-ID = 084040e9b9ae5831.
INFO: [Common 17-206] Exiting Vivado at Fri Jun 14 10:03:45 2024...
