
*** Running vivado
    with args -log output_new_gameover.vds -m64 -product Vivado -mode batch -messageDb vivado.pb -notrace -source output_new_gameover.tcl


ECHO is off.
ECHO is off.

****** Vivado v2023.2 (64-bit)
  **** SW Build 4029153 on Fri Oct 13 20:14:34 MDT 2023
  **** IP Build 4028589 on Sat Oct 14 00:45:43 MDT 2023
  **** SharedData Build 4025554 on Tue Oct 10 17:18:54 MDT 2023
    ** Copyright 1986-2022 Xilinx, Inc. All Rights Reserved.
    ** Copyright 2022-2023 Advanced Micro Devices, Inc. All Rights Reserved.

source output_new_gameover.tcl -notrace
create_project: Time (s): cpu = 00:00:06 ; elapsed = 00:00:07 . Memory (MB): peak = 504.355 ; gain = 182.512
INFO: [IP_Flow 19-6924] IPCACHE: Running cache check for IP inst: output_new_gameover
INFO: [IP_Flow 19-6922] IPCACHE: Exporting cached entry 23b440e036c2c74f to dir: D:/git_repo/DataDesign_FinalProject/Project/Rolling_ball/Rolling_ball.runs/output_new_gameover_synth_1
INFO: [IP_Flow 19-6928] IPCACHE: copied cached file d:/git_repo/DataDesign_FinalProject/Project/Rolling_ball/Rolling_ball.cache/ip/2023.2/2/3/23b440e036c2c74f/output_new_gameover.dcp to D:/git_repo/DataDesign_FinalProject/Project/Rolling_ball/Rolling_ball.runs/output_new_gameover_synth_1/output_new_gameover.dcp.
INFO: [IP_Flow 19-6928] IPCACHE: copied cached file d:/git_repo/DataDesign_FinalProject/Project/Rolling_ball/Rolling_ball.cache/ip/2023.2/2/3/23b440e036c2c74f/output_new_gameover_sim_netlist.v to D:/git_repo/DataDesign_FinalProject/Project/Rolling_ball/Rolling_ball.runs/output_new_gameover_synth_1/output_new_gameover_sim_netlist.v.
INFO: [IP_Flow 19-6928] IPCACHE: copied cached file d:/git_repo/DataDesign_FinalProject/Project/Rolling_ball/Rolling_ball.cache/ip/2023.2/2/3/23b440e036c2c74f/output_new_gameover_sim_netlist.vhdl to D:/git_repo/DataDesign_FinalProject/Project/Rolling_ball/Rolling_ball.runs/output_new_gameover_synth_1/output_new_gameover_sim_netlist.vhdl.
INFO: [IP_Flow 19-6928] IPCACHE: copied cached file d:/git_repo/DataDesign_FinalProject/Project/Rolling_ball/Rolling_ball.cache/ip/2023.2/2/3/23b440e036c2c74f/output_new_gameover_stub.v to D:/git_repo/DataDesign_FinalProject/Project/Rolling_ball/Rolling_ball.runs/output_new_gameover_synth_1/output_new_gameover_stub.v.
INFO: [IP_Flow 19-6928] IPCACHE: copied cached file d:/git_repo/DataDesign_FinalProject/Project/Rolling_ball/Rolling_ball.cache/ip/2023.2/2/3/23b440e036c2c74f/output_new_gameover_stub.vhdl to D:/git_repo/DataDesign_FinalProject/Project/Rolling_ball/Rolling_ball.runs/output_new_gameover_synth_1/output_new_gameover_stub.vhdl.
INFO: [IP_Flow 19-4838] Using cached IP synthesis design for IP output_new_gameover, cache-ID = 23b440e036c2c74f.
INFO: [Common 17-206] Exiting Vivado at Fri Jun 14 10:03:45 2024...
